app/build/intermediates/manifest_merge_blame_file/debug/manifest-merger-blame-debug-report.txt
1<?xml version="1.0" encoding="utf-8"?>
2<manifest xmlns:android="http://schemas.android.com/apk/res/android"
3    package="com.example.projet"
4    android:versionCode="1"
5    android:versionName="1.0" >
6
7    <uses-sdk
8        android:minSdkVersion="15"
8-->src\main\AndroidManifest.xml
9        android:targetSdkVersion="28" />
9-->src\main\AndroidManifest.xml
10
11    <uses-feature
11-->src\main\AndroidManifest.xml:44:5-46:35
12        android:name="android.hardware.camera2"
12-->src\main\AndroidManifest.xml:45:9-48
13        android:required="true" />
13-->src\main\AndroidManifest.xml:46:9-32
14
15    <uses-permission android:name="android.permission.READ_EXTERNAL_STORAGE" />
15-->src\main\AndroidManifest.xml:47:5-80
15-->src\main\AndroidManifest.xml:47:22-77
16    <uses-permission android:name="android.permission.WRITE_EXTERNAL_STORAGE" />
16-->src\main\AndroidManifest.xml:49:5-81
16-->src\main\AndroidManifest.xml:49:22-78
17
18    <application
18-->src\main\AndroidManifest.xml:5:5-42:19
19        android:name="com.project.MobileProjet.MyApp"
19-->src\main\AndroidManifest.xml:6:9-54
20        android:allowBackup="true"
20-->src\main\AndroidManifest.xml:7:9-35
21        android:appComponentFactory="android.support.v4.app.CoreComponentFactory"
21-->[com.android.support:support-compat:28.0.0] AndroidManifest.xml:22:18-91
22        android:debuggable="true"
23        android:icon="@mipmap/ic_launcher"
23-->src\main\AndroidManifest.xml:8:9-43
24        android:label="@string/app_name"
24-->src\main\AndroidManifest.xml:9:9-41
25        android:roundIcon="@mipmap/ic_launcher_round"
25-->src\main\AndroidManifest.xml:10:9-54
26        android:supportsRtl="true"
26-->src\main\AndroidManifest.xml:11:9-35
27        android:testOnly="true"
28        android:theme="@style/AppTheme" >
28-->src\main\AndroidManifest.xml:12:9-40
29        <activity android:name="com.project.MobileProjet.MenuActivity" />
29-->src\main\AndroidManifest.xml:13:9-83
29-->src\main\AndroidManifest.xml:13:19-71
30        <activity android:name="com.project.MobileProjet.MainActivity" />
30-->src\main\AndroidManifest.xml:14:9-83
30-->src\main\AndroidManifest.xml:14:19-71
31        <activity android:name="com.project.MobileProjet.FrancaisActivity" />
31-->src\main\AndroidManifest.xml:15:9-78
31-->src\main\AndroidManifest.xml:15:19-75
32        <activity android:name="com.project.MobileProjet.PenduActivity" />
32-->src\main\AndroidManifest.xml:16:9-75
32-->src\main\AndroidManifest.xml:16:19-72
33        <activity android:name="com.project.MobileProjet.QuizActivity" />
33-->src\main\AndroidManifest.xml:17:9-74
33-->src\main\AndroidManifest.xml:17:19-71
34        <activity android:name="com.project.MobileProjet.PaysActivity" />
34-->src\main\AndroidManifest.xml:18:9-73
34-->src\main\AndroidManifest.xml:18:19-71
35        <activity
35-->src\main\AndroidManifest.xml:19:9-21:52
36            android:name="com.project.MobileProjet.AdditionActivity"
36-->src\main\AndroidManifest.xml:20:13-69
37            android:screenOrientation="portrait" />
37-->src\main\AndroidManifest.xml:21:13-49
38        <activity
38-->src\main\AndroidManifest.xml:22:9-24:52
39            android:name="com.project.MobileProjet.AddUserActivity"
39-->src\main\AndroidManifest.xml:23:13-68
40            android:screenOrientation="portrait" />
40-->src\main\AndroidManifest.xml:24:13-49
41        <activity
41-->src\main\AndroidManifest.xml:25:9-27:52
42            android:name="com.project.MobileProjet.ChoixTables"
42-->src\main\AndroidManifest.xml:26:13-64
43            android:screenOrientation="portrait" />
43-->src\main\AndroidManifest.xml:27:13-49
44        <activity
44-->src\main\AndroidManifest.xml:28:9-30:52
45            android:name="com.project.MobileProjet.MultiplicationsActivity"
45-->src\main\AndroidManifest.xml:29:13-76
46            android:screenOrientation="portrait" />
46-->src\main\AndroidManifest.xml:30:13-49
47        <activity android:name="com.project.MobileProjet.MathsActivity" />
47-->src\main\AndroidManifest.xml:31:9-75
47-->src\main\AndroidManifest.xml:31:19-72
48        <activity android:name="com.project.MobileProjet.ChoixCategorieExerciceActivity" />
48-->src\main\AndroidManifest.xml:32:9-92
48-->src\main\AndroidManifest.xml:32:19-89
49        <activity
49-->src\main\AndroidManifest.xml:33:9-41:20
50            android:name="com.project.MobileProjet.ActivitySplash"
50-->src\main\AndroidManifest.xml:34:13-67
51            android:screenOrientation="portrait" >
51-->src\main\AndroidManifest.xml:35:13-49
52            <intent-filter>
52-->src\main\AndroidManifest.xml:36:13-40:29
53                <action android:name="android.intent.action.MAIN" />
53-->src\main\AndroidManifest.xml:37:17-69
53-->src\main\AndroidManifest.xml:37:25-66
54
55                <category android:name="android.intent.category.LAUNCHER" />
55-->src\main\AndroidManifest.xml:39:17-77
55-->src\main\AndroidManifest.xml:39:27-74
56            </intent-filter>
57        </activity>
58    </application>
59
60</manifest>